
> zoltankovac.com@0.0.0 build
> next build

⚠ No build cache found. Please configure build caching for faster rebuilds. Read more: https://nextjs.org/docs/messages/no-cache
Attention: Next.js now collects completely anonymous telemetry regarding usage.
This information is used to shape Next.js' roadmap and prioritize features.
You can learn more, including how to opt-out if you'd not like to participate in this anonymous program, by visiting the following URL:
https://nextjs.org/telemetry

   ▲ Next.js 14.1.4

   Creating an optimized production build ...
 ✓ Compiled successfully
   Linting and checking validity of types ...
   Collecting page data ...
   Generating static pages (0/4) ...
   Generating static pages (1/4) 
   Generating static pages (2/4) 
   Generating static pages (3/4) 
 ✓ Generating static pages (4/4) 
   Finalizing page optimization ...
   Collecting build traces ...

Route (app)                              Size     First Load JS
┌ ○ /                                    266 kB          372 kB
└ ○ /_not-found                          882 B          85.2 kB
+ First Load JS shared by all            84.3 kB
  ├ chunks/1dd3208c-756e836296b12cc2.js  53.4 kB
  ├ chunks/997-cdaded5c89f32aea.js       29 kB
  └ other shared chunks (total)          1.94 kB


○  (Static)  prerendered as static content

